<?xml version="1.0" encoding="UTF-8"?>
<persistence version="2.1"
   xmlns="http://xmlns.jcp.org/xml/ns/persistence" xmlns:xsi="http://www.w3.org/2001/XMLSchema-instance"
   xsi:schemaLocation="
        http://xmlns.jcp.org/xml/ns/persistence
        http://xmlns.jcp.org/xml/ns/persistence/persistence_2_1.xsd">
   <persistence-unit name="primary">
      <!-- We use a different datasource for tests, so as to not overwrite 
         production data. This is an unmanaged data source, backed by H2, an in memory 
         database. Production applications should use a managed datasource. -->
      <!-- The datasource is deployed as WEB-INF/test-ds.xml, 
         you can find it in the source at src/test/resources/test-ds.xml -->
      <jta-data-source>java:jboss/datasources/ExampleTestDS</jta-data-source>
      <properties>
            <property name="hibernate.archive.autodetection" value="class" />
            <property name="hibernate.dialect" value="org.hibernate.dialect.H2Dialect" />
            <!-- Properties for Hibernate -->
            <property name="javax.persistence.schema-generation.database.action" value="drop-and-create"/>
            <property name="javax.persistence.schema-generation.create-source" value="script" />
            <property name="javax.persistence.schema-generation.create-script-source" value="META-INF/create-script.sql" />
            <property name="javax.persistence.sql-load-script-source" value="META-INF/load-script.sql" />
            <property name="javax.persistence.schema-generation.drop-source" value="script" />
            <property name="javax.persistence.schema-generation.drop-script-source" value="META-INF/drop-script.sql" />
            <property name="hibernate.show_sql" value="false" />
      </properties>
   </persistence-unit>
</persistence>
